#
# A fatal error has been detected by the Java Runtime Environment:
#
#  EXCEPTION_ACCESS_VIOLATION (0xc0000005) at pc=0x0000020198d41050, pid=10232, tid=33808
#
# JRE version: OpenJDK Runtime Environment Temurin-21.0.8+9 (21.0.8+9) (build 21.0.8+9-LTS)
# Java VM: OpenJDK 64-Bit Server VM Temurin-21.0.8+9 (21.0.8+9-LTS, mixed mode, emulated-client, sharing, tiered, compressed oops, compressed class ptrs, g1 gc, windows-amd64)
# Problematic frame:
# v  ~BufferBlob::MethodHandles adapters 0x0000020198d41050
#
# No core dump will be written. Minidumps are not enabled by default on client versions of Windows
#
# If you would like to submit a bug report, please visit:
#   https://github.com/adoptium/adoptium-support/issues
#

---------------  S U M M A R Y ------------

Command Line: -XX:+ShowCodeDetailsInExceptionMessages -agentlib:jdwp=transport=dt_socket,suspend=y,address=localhost:52881 -Dcom.sun.management.jmxremote -Dcom.sun.management.jmxremote.port=52880 -Dcom.sun.management.jmxremote.authenticate=false -Dcom.sun.management.jmxremote.ssl=false -Djava.rmi.server.hostname=localhost -Dspring.jmx.enabled=true -Dmanagement.endpoints.jmx.exposure.include=* -Dspring.application.admin.enabled=true -Dspring.output.ansi.enabled=always -XX:TieredStopAtLevel=1 -Dspring.boot.project.name=ecsite -javaagent:C:\pleiades2025-09\eclipse\configuration\org.eclipse.osgi\250\0\.cp\lib\javaagent-shaded.jar -Dfile.encoding=UTF-8 -Dstdout.encoding=UTF-8 -Dstderr.encoding=UTF-8 jp.co.ecsite.EcsiteApplication

Host: 13th Gen Intel(R) Core(TM) i9-13900H, 20 cores, 31G,  Windows 11 , 64 bit Build 26100 (10.0.26100.8521)
Time: Sun Jun 14 16:18:53 2026 elapsed time: 3943.393918 seconds (0d 1h 5m 43s)

---------------  T H R E A D  ---------------

Current thread (0x00000201f1119430):  JavaThread "restartedMain"        [_thread_in_Java, id=33808, stack(0x00000029a2600000,0x00000029a2700000) (1024K)]

Stack: [0x00000029a2600000,0x00000029a2700000],  sp=0x00000029a26fd738,  free space=1013k
Native frames: (J=compiled Java code, j=interpreted, Vv=VM code, C=native code)
C  0x0000020198d41050

The last pc belongs to _linkToSpecial (printed below).

siginfo: EXCEPTION_ACCESS_VIOLATION (0xc0000005), reading address 0xffffffffffffffff


Registers:
RAX=0x0000020198d19086, RBX=0xc101647200000001, RCX=0x00000029a26fd740, RDX=0x0000000000000002
RSP=0x00000029a26fd738, RBP=0x00000029a26fd788, RSI=0x00000201ef2a7c88, RDI=0x00000201ef7a4290
R8 =0x0000000000000004, R9 =0x0000000000000004, R10=0x00007ffbf6685340, R11=0x00000201aa0b5da0
R12=0x0000000000000000, R13=0x00000029a26fd738, R14=0x00000029a26fd7a8, R15=0x00000201f1119430
RIP=0x0000020198d41050, EFLAGS=0x0000000000010202

XMM[0]=0x0000000000000000 0x0000000000000000
XMM[1]=0x0000000000000000 0x0000000000000000
XMM[2]=0x0000000000000000 0x0000000000000000
XMM[3]=0x0000000000000000 0x0000000000000000
XMM[4]=0x0000000000000000 0x0000000000000000
XMM[5]=0x0000000000000000 0x0000000000000000
XMM[6]=0x0000000000000000 0x0000000000000000
XMM[7]=0x0000000000000000 0x0000000000000000
XMM[8]=0x0000000000000000 0x0000000000000000
XMM[9]=0x0000000000000000 0x0000000000000000
XMM[10]=0x0000000000000000 0x0000000000000000
XMM[11]=0x0000000000000000 0x0000000000000000
XMM[12]=0x0000000000000000 0x0000000000000000
XMM[13]=0x0000000000000000 0x0000000000000000
XMM[14]=0x0000000000000000 0x0000000000000000
XMM[15]=0x0000000000000000 0x0000000000000000
  MXCSR=0x00001fa0


Register to memory mapping:

RAX=0x0000020198d19086 is at code_begin+3078 in an Interpreter codelet
return entry points  [0x0000020198d18480, 0x0000020198d1a298]  7704 bytes
RBX=0xc101647200000001 is an unknown value
RCX=0x00000029a26fd740 is pointing into the stack for thread: 0x00000201f1119430
RDX=0x0000000000000002 is an unknown value
RSP=0x00000029a26fd738 is pointing into the stack for thread: 0x00000201f1119430
RBP=0x00000029a26fd788 is pointing into the stack for thread: 0x00000201f1119430
RSI=0x00000201ef2a7c88 points into unknown readable memory: 0x80000400a3c2eb87 | 87 eb c2 a3 00 04 00 80
RDI=0x00000201ef7a4290 points into unknown readable memory: 0x0000001800000070 | 70 00 00 00 18 00 00 00
R8 =0x0000000000000004 is an unknown value
R9 =0x0000000000000004 is an unknown value
R10=0x00007ffbf6685340 jvm.dll
R11={method} {0x00000201aa0b5da8} 'newInvokeSpecial' '(Ljava/lang/Object;)Ljava/lang/Object;' in 'java/lang/invoke/DirectMethodHandle$Holder'
R12=0x0 is null
R13=0x00000029a26fd738 is pointing into the stack for thread: 0x00000201f1119430
R14=0x00000029a26fd7a8 is pointing into the stack for thread: 0x00000201f1119430
R15=0x00000201f1119430 is a thread

Top of Stack: (sp=0x00000029a26fd738)
0x00000029a26fd738:   0000020198d19086 00000029a26fd740
0x00000029a26fd748:   00000201aa72bc6f 0000000000000004
0x00000029a26fd758:   00000201aa0b1258 000000060641b740
0x00000029a26fd768:   00000006049c15a8 00000201aa0b5da0
0x00000029a26fd778:   00000029a26fd738 00000029a26fd7b0
0x00000029a26fd788:   00000029a26febb0 00000201991cd6cb
0x00000029a26fd798:   00000006080b2298 00000006080b2340
0x00000029a26fd7a8:   00000006080b22f8 00000006080b2058
0x00000029a26fd7b8:   0000000606553558 00000029a26febb0
0x00000029a26fd7c8:   0000020199950f8c 000000060641e468
0x00000029a26fd7d8:   0000000606532b00 00000006080adb68
0x00000029a26fd7e8:   0000020199ad40fc 00000029a26febb0
0x00000029a26fd7f8:   00000201990e432c 0000000606400000
0x00000029a26fd808:   000000060645ef10 00000201f1119430
0x00000029a26fd818:   00000201f13d7fd0 00000201f04814e0
0x00000029a26fd828:   00000006049c0138 000000060641b740
0x00000029a26fd838:   00000006080b1f20 00000006080b1f20
0x00000029a26fd848:   00000006080b2058 00000006080b2328
0x00000029a26fd858:   00000006080b20b0 000000060641b740
0x00000029a26fd868:   0000000000000001 00000029a26febb0
0x00000029a26fd878:   0000020100000000 0000000000000000
0x00000029a26fd888:   0000000000000000 00000006080b22f8
0x00000029a26fd898:   00000201991c81dc 0000000000000000
0x00000029a26fd8a8:   0000000000000000 0000000000000000
0x00000029a26fd8b8:   00007ffbf6022900 00000201f1119430
0x00000029a26fd8c8:   0000000000000000 00000006080b2058
0x00000029a26fd8d8:   0000000000000000 00000006080b1f20
0x00000029a26fd8e8:   00000006080b2328 00000006080b2058
0x00000029a26fd8f8:   0000000000000000 0000000000000000
0x00000029a26fd908:   00000201991ccbec 00000029a26febb0
0x00000029a26fd918:   00000201991c74ea 0000000000000000
0x00000029a26fd928:   00000201990d7b29 0000000000000000 

Instructions: (pc=0x0000020198d41050)
0x0000020198d40f50:   bf d8 05 00 00 00 74 03 ff 63 38 ff 63 50 e9 9d
0x0000020198d40f60:   16 00 00 66 66 66 0f 1f 84 00 00 00 00 00 66 66
0x0000020198d40f70:   66 90 66 66 0f 1f 84 00 00 00 00 00 66 66 66 90
0x0000020198d40f80:   48 8b 53 08 0f b7 52 2e 48 8b 0c d4 58 5b 50 44
0x0000020198d40f90:   8b 51 08 49 bb 00 00 00 aa 01 02 00 00 4d 03 d3
0x0000020198d40fa0:   4c 8b 5b 10 4b 8b 9c da d0 01 00 00 48 85 db 0f
0x0000020198d40fb0:   84 10 00 00 00 41 80 bf d8 05 00 00 00 74 03 ff
0x0000020198d40fc0:   63 38 ff 63 50 e9 36 16 00 00 66 66 66 0f 1f 84
0x0000020198d40fd0:   00 00 00 00 00 66 66 66 90 0f 1f 80 00 00 00 00
0x0000020198d40fe0:   58 5b 50 8b 5b 24 48 c1 e3 03 48 8b 5b 10 48 85
0x0000020198d40ff0:   db 0f 84 10 00 00 00 41 80 bf d8 05 00 00 00 74
0x0000020198d41000:   03 ff 63 38 ff 63 50 e9 f4 15 00 00 66 66 66 0f
0x0000020198d41010:   1f 84 00 00 00 00 00 66 66 66 90 0f 1f 44 00 00
0x0000020198d41020:   48 8b 53 08 0f b7 52 2e 48 8b 0c d4 58 5b 50 48
0x0000020198d41030:   3b 01 8b 5b 24 48 c1 e3 03 48 8b 5b 10 48 85 db
0x0000020198d41040:   0f 84 10 00 00 00 41 80 bf d8 05 00 00 00 74 03
0x0000020198d41050:   ff 63 38 ff 63 50 e9 a5 15 00 00 0f 1f 44 00 00
0x0000020198d41060:   48 8b 53 08 0f b7 52 2e 48 8b 0c d4 58 5b 50 44
0x0000020198d41070:   8b 51 08 49 bb 00 00 00 aa 01 02 00 00 4d 03 d3
0x0000020198d41080:   8b 43 18 48 c1 e0 03 48 8b 40 10 48 8b 5b 10 45
0x0000020198d41090:   8b 9a ac 00 00 00 4f 8d 9c da d0 01 00 00 4d 8d
0x0000020198d410a0:   14 da 49 8b 1b 48 3b c3 74 15 48 85 db 0f 84 32
0x0000020198d410b0:   00 00 00 49 83 c3 10 49 8b 1b 48 3b c3 75 eb 45
0x0000020198d410c0:   8b 5b 08 4b 8b 1c 1a 48 85 db 0f 84 10 00 00 00
0x0000020198d410d0:   41 80 bf d8 05 00 00 00 74 03 ff 63 38 ff 63 50
0x0000020198d410e0:   e9 1b 15 00 00 e9 16 12 00 00 f4 00 00 00 00 00
0x0000020198d410f0:   00 00 00 00 00 00 00 00 00 00 00 00 00 00 00 00
0x0000020198d41100:   00 00 00 00 00 00 00 00 00 00 00 00 00 00 00 00
0x0000020198d41110:   00 00 00 00 00 00 00 00 00 00 00 00 00 00 00 00
0x0000020198d41120:   00 00 00 00 00 00 00 00 00 00 00 00 00 00 00 00
0x0000020198d41130:   00 00 00 00 00 00 00 00 00 00 00 00 00 00 00 00
0x0000020198d41140:   00 00 00 00 00 00 00 00 00 00 00 00 00 00 00 00 


Stack slot to memory mapping:

stack at sp + 0 slots: 0x0000020198d19086 is at code_begin+3078 in an Interpreter codelet
return entry points  [0x0000020198d18480, 0x0000020198d1a298]  7704 bytes
stack at sp + 1 slots: 0x00000029a26fd740 is pointing into the stack for thread: 0x00000201f1119430
stack at sp + 2 slots: 0x00000201aa72bc6f is pointing into metadata
stack at sp + 3 slots: 0x0000000000000004 is an unknown value
stack at sp + 4 slots: 0x00000201aa0b1258 is pointing into metadata
stack at sp + 5 slots: 0x000000060641b740 is an oop: java.lang.Class 
{0x000000060641b740} - klass: 'java/lang/Class'
 - ---- fields (total size 14 words):
 - private volatile transient 'classRedefinedCount' 'I' @12  0 (0x00000000)
 - injected 'klass' 'J' @16  2206194631208 (0x00000201ab728228)
 - injected 'array_klass' 'J' @24  0 (0x0000000000000000)
 - injected 'oop_size' 'I' @32  14 (0x0000000e)
 - injected 'static_oop_field_count' 'I' @36  0 (0x00000000)
 - private volatile transient 'cachedConstructor' 'Ljava/lang/reflect/Constructor;' @40  null (0x00000000)
 - private transient 'name' 'Ljava/lang/String;' @44  "jp.co.ecsite.controller.MemberChangeController"{0x00000006056e8ae8} (0xc0add15d)
 - private transient 'module' 'Ljava/lang/Module;' @48  a 'java/lang/Module'{0x000000060641b4d8} (0xc0c8369b)
 - private final 'classLoader' 'Ljava/lang/ClassLoader;' @52  a 'org/springframework/boot/devtools/restart/classloader/RestartClassLoader'{0x000000060640d910} (0xc0c81b22)
 - private transient 'classData' 'Ljava/lang/Object;' @56  null (0x00000000)
 - private transient 'packageName' 'Ljava/lang/String;' @60  "jp.co.ecsite.controller"{0x0000000604e56568} (0xc09cacad)
 - private final 'componentType' 'Ljava/lang/Class;' @64  null (0x00000000)
 - private volatile transient 'reflectionData' 'Ljava/lang/ref/SoftReference;' @68  a 'java/lang/ref/SoftReference'{0x000000060641da10} (0xc0c83b42)
 - private volatile transient 'genericInfo' 'Lsun/reflect/generics/repository/ClassRepository;' @72  null (0x00000000)
 - private volatile transient 'enumConstants' '[Ljava/lang/Object;' @76  null (0x00000000)
 - private volatile transient 'enumConstantDirectory' 'Ljava/util/Map;' @80  null (0x00000000)
 - private volatile transient 'annotationData' 'Ljava/lang/Class$AnnotationData;' @84  a 'java/lang/Class$AnnotationData'{0x000000060641da88} (0xc0c83b51)
 - private volatile transient 'annotationType' 'Lsun/reflect/annotation/AnnotationType;' @88  null (0x00000000)
 - transient 'classValueMap' 'Ljava/lang/ClassValue$ClassValueMap;' @92  null (0x00000000)
 - injected 'protection_domain' 'Ljava/lang/Object;' @96  a 'java/security/ProtectionDomain'{0x000000060641bdb0} (0xc0c837b6)
 - injected 'signers_name' 'Ljava/lang/Object;' @100  null (0x00000000)
 - injected 'source_file' 'Ljava/lang/Object;' @104  null (0x00000000)
 - injected '<init_lock>' 'Ljava/lang/Object;' @108  null (0x00000000)
 - signature: Ljp/co/ecsite/controller/MemberChangeController;
 - ---- static fields (0):
stack at sp + 6 slots: 0x00000006049c15a8 is an oop: java.lang.Class 
{0x00000006049c15a8} - klass: 'java/lang/Class'
 - ---- fields (total size 14 words):
 - private volatile transient 'classRedefinedCount' 'I' @12  0 (0x00000000)
 - injected 'klass' 'J' @16  2206171074080 (0x00000201aa0b0e20)
 - injected 'array_klass' 'J' @24  0 (0x0000000000000000)
 - injected 'oop_size' 'I' @32  14 (0x0000000e)
 - injected 'static_oop_field_count' 'I' @36  0 (0x00000000)
 - private volatile transient 'cachedConstructor' 'Ljava/lang/reflect/Constructor;' @40  null (0x00000000)
 - private transient 'name' 'Ljava/lang/String;' @44  null (0x00000000)
 - private transient 'module' 'Ljava/lang/Module;' @48  a 'java/lang/Module'{0x00000006049b4900} (0xc0936920)
 - private final 'classLoader' 'Ljava/lang/ClassLoader;' @52  null (0x00000000)
 - private transient 'classData' 'Ljava/lang/Object;' @56  null (0x00000000)
 - private transient 'packageName' 'Ljava/lang/String;' @60  null (0x00000000)
 - private final 'componentType' 'Ljava/lang/Class;' @64  null (0x00000000)
 - private volatile transient 'reflectionData' 'Ljava/lang/ref/SoftReference;' @68  null (0x00000000)
 - private volatile transient 'genericInfo' 'Lsun/reflect/generics/repository/ClassRepository;' @72  null (0x00000000)
 - private volatile transient 'enumConstants' '[Ljava/lang/Object;' @76  null (0x00000000)
 - private volatile transient 'enumConstantDirectory' 'Ljava/util/Map;' @80  null (0x00000000)
 - private volatile transient 'annotationData' 'Ljava/lang/Class$AnnotationData;' @84  null (0x00000000)
 - private volatile transient 'annotationType' 'Lsun/reflect/annotation/AnnotationType;' @88  null (0x00000000)
 - transient 'classValueMap' 'Ljava/lang/ClassValue$ClassValueMap;' @92  null (0x00000000)
 - injected 'protection_domain' 'Ljava/lang/Object;' @96  null (0x00000000)
 - injected 'signers_name' 'Ljava/lang/Object;' @100  null (0x00000000)
 - injected 'source_file' 'Ljava/lang/Object;' @104  null (0x00000000)
 - injected '<init_lock>' 'Ljava/lang/Object;' @108  null (0x00000000)
 - signature: Ljava/lang/invoke/DirectMethodHandle$Holder;
 - ---- static fields (0):
stack at sp + 7 slots: {method} {0x00000201aa0b5da8} 'newInvokeSpecial' '(Ljava/lang/Object;)Ljava/lang/Object;' in 'java/lang/invoke/DirectMethodHandle$Holder'

MethodHandle::interpreter_entry::_linkToSpecial [0x0000020198d4100c, 0x0000020198d4105b] (79 bytes)
[MachCode]
  0x0000020198d4100c: 6666 660f | 1f84 0000 | 0000 0066 | 6666 900f | 1f44 0000 | 488b 5308 | 0fb7 522e | 488b 0cd4 
  0x0000020198d4102c: 585b 5048 | 3b01 8b5b | 2448 c1e3 | 0348 8b5b | 1048 85db | 0f84 1000 | 0000 4180 | bfd8 0500 
  0x0000020198d4104c: 0000 7403 | ff63 38ff | 6350 e9a5 | 
[/MachCode]

---------------  P R O C E S S  ---------------

Threads class SMR info:
_java_thread_list=0x00000201f038df80, length=25, elements={
0x00000201a6735380, 0x00000201a6735fd0, 0x00000201a97b5130, 0x00000201a97b8120,
0x00000201a97b9310, 0x00000201a97b9d60, 0x00000201a673e4c0, 0x00000201a9934a30,
0x00000201a99bdaf0, 0x00000201a99c3bf0, 0x00000201a99c6690, 0x00000201ef1defb0,
0x00000201ef4a0350, 0x00000201ef490820, 0x00000201ef490e80, 0x00000201ef8cf0a0,
0x00000201ef9072c0, 0x00000201ef9fc0e0, 0x00000201f1118710, 0x00000201f111cf40,
0x00000201ef9fa6a0, 0x00000201f1119430, 0x00000201f111b500, 0x00000201f1119ac0,
0x00000201f111a150
}

Java Threads: ( => current thread )
  0x00000201a6735380 JavaThread "Reference Handler"          daemon [_thread_blocked, id=25668, stack(0x00000029a1c00000,0x00000029a1d00000) (1024K)]
  0x00000201a6735fd0 JavaThread "Finalizer"                  daemon [_thread_blocked, id=33484, stack(0x00000029a1d00000,0x00000029a1e00000) (1024K)]
  0x00000201a97b5130 JavaThread "Signal Dispatcher"          daemon [_thread_blocked, id=25880, stack(0x00000029a1e00000,0x00000029a1f00000) (1024K)]
  0x00000201a97b8120 JavaThread "Attach Listener"            daemon [_thread_blocked, id=31856, stack(0x00000029a1f00000,0x00000029a2000000) (1024K)]
  0x00000201a97b9310 JavaThread "Service Thread"             daemon [_thread_blocked, id=34528, stack(0x00000029a2000000,0x00000029a2100000) (1024K)]
  0x00000201a97b9d60 JavaThread "Monitor Deflation Thread"   daemon [_thread_blocked, id=18784, stack(0x00000029a2100000,0x00000029a2200000) (1024K)]
  0x00000201a673e4c0 JavaThread "C1 CompilerThread0"         daemon [_thread_blocked, id=32324, stack(0x00000029a2200000,0x00000029a2300000) (1024K)]
  0x00000201a9934a30 JavaThread "Common-Cleaner"             daemon [_thread_blocked, id=34576, stack(0x00000029a2500000,0x00000029a2600000) (1024K)]
  0x00000201a99bdaf0 JavaThread "JDWP Transport Listener: dt_socket" daemon [_thread_blocked, id=31384, stack(0x00000029a2800000,0x00000029a2900000) (1024K)]
  0x00000201a99c3bf0 JavaThread "JDWP Event Helper Thread"   daemon [_thread_blocked, id=23092, stack(0x00000029a2900000,0x00000029a2a00000) (1024K)]
  0x00000201a99c6690 JavaThread "JDWP Command Reader"        daemon [_thread_in_native, id=20020, stack(0x00000029a2a00000,0x00000029a2b00000) (1024K)]
  0x00000201ef1defb0 JavaThread "Notification Thread"        daemon [_thread_blocked, id=32852, stack(0x00000029a2b00000,0x00000029a2c00000) (1024K)]
  0x00000201ef4a0350 JavaThread "RMI TCP Accept-0"           daemon [_thread_in_native, id=3436, stack(0x00000029a3800000,0x00000029a3900000) (1024K)]
  0x00000201ef490820 JavaThread "RMI TCP Accept-52880"       daemon [_thread_in_native, id=6748, stack(0x00000029a3900000,0x00000029a3a00000) (1024K)]
  0x00000201ef490e80 JavaThread "RMI TCP Accept-0"           daemon [_thread_in_native, id=31960, stack(0x00000029a3a00000,0x00000029a3b00000) (1024K)]
  0x00000201ef8cf0a0 JavaThread "RMI Scheduler(0)"           daemon [_thread_blocked, id=18680, stack(0x00000029a3c00000,0x00000029a3d00000) (1024K)]
  0x00000201ef9072c0 JavaThread "RMI TCP Connection(idle)"   daemon [_thread_blocked, id=27248, stack(0x00000029a3d00000,0x00000029a3e00000) (1024K)]
  0x00000201ef9fc0e0 JavaThread "Live Reload Server"         daemon [_thread_in_native, id=27684, stack(0x00000029a4e00000,0x00000029a4f00000) (1024K)]
  0x00000201f1118710 JavaThread "DestroyJavaVM"                     [_thread_blocked, id=30124, stack(0x00000029a1400000,0x00000029a1500000) (1024K)]
  0x00000201f111cf40 JavaThread "JMX server connection timeout 116" daemon [_thread_blocked, id=22844, stack(0x00000029a2400000,0x00000029a2500000) (1024K)]
  0x00000201ef9fa6a0 JavaThread "Thread-51"                         [_thread_blocked, id=14728, stack(0x00000029a2300000,0x00000029a2400000) (1024K)]
=>0x00000201f1119430 JavaThread "restartedMain"                     [_thread_in_Java, id=33808, stack(0x00000029a2600000,0x00000029a2700000) (1024K)]
  0x00000201f111b500 JavaThread "Catalina-utility-1"                [_thread_blocked, id=13968, stack(0x00000029a3b00000,0x00000029a3c00000) (1024K)]
  0x00000201f1119ac0 JavaThread "Catalina-utility-2"                [_thread_blocked, id=33392, stack(0x00000029a3e00000,0x00000029a3f00000) (1024K)]
  0x00000201f111a150 JavaThread "container-0"                       [_thread_blocked, id=34600, stack(0x00000029a4100000,0x00000029a4200000) (1024K)]
Total: 25

Other Threads:
  0x00000201a67147a0 VMThread "VM Thread"                           [id=32116, stack(0x00000029a1b00000,0x00000029a1c00000) (1024K)]
  0x00000201a6705990 WatcherThread "VM Periodic Task Thread"        [id=25008, stack(0x00000029a1a00000,0x00000029a1b00000) (1024K)]
  0x00000201a6580800 WorkerThread "GC Thread#0"                     [id=3556, stack(0x00000029a1500000,0x00000029a1600000) (1024K)]
  0x00000201ef408a30 WorkerThread "GC Thread#1"                     [id=23756, stack(0x00000029a2c00000,0x00000029a2d00000) (1024K)]
  0x00000201ef408dd0 WorkerThread "GC Thread#2"                     [id=7128, stack(0x00000029a2d00000,0x00000029a2e00000) (1024K)]
  0x00000201ef409170 WorkerThread "GC Thread#3"                     [id=10180, stack(0x00000029a2e00000,0x00000029a2f00000) (1024K)]
  0x00000201ef473160 WorkerThread "GC Thread#4"                     [id=20124, stack(0x00000029a2f00000,0x00000029a3000000) (1024K)]
  0x00000201ef473500 WorkerThread "GC Thread#5"                     [id=22668, stack(0x00000029a3000000,0x00000029a3100000) (1024K)]
  0x00000201ef47bcc0 WorkerThread "GC Thread#6"                     [id=26204, stack(0x00000029a3100000,0x00000029a3200000) (1024K)]
  0x00000201ef47e070 WorkerThread "GC Thread#7"                     [id=23320, stack(0x00000029a3200000,0x00000029a3300000) (1024K)]
  0x00000201ef47e410 WorkerThread "GC Thread#8"                     [id=4436, stack(0x00000029a3300000,0x00000029a3400000) (1024K)]
  0x00000201ef4836a0 WorkerThread "GC Thread#9"                     [id=31508, stack(0x00000029a3400000,0x00000029a3500000) (1024K)]
  0x00000201ef483a40 WorkerThread "GC Thread#10"                    [id=11576, stack(0x00000029a3500000,0x00000029a3600000) (1024K)]
  0x00000201ef482820 WorkerThread "GC Thread#11"                    [id=33896, stack(0x00000029a3600000,0x00000029a3700000) (1024K)]
  0x00000201ef482bc0 WorkerThread "GC Thread#12"                    [id=8424, stack(0x00000029a3700000,0x00000029a3800000) (1024K)]
  0x00000201ef483de0 WorkerThread "GC Thread#13"                    [id=32984, stack(0x00000029a3f00000,0x00000029a4000000) (1024K)]
  0x00000201ef484180 WorkerThread "GC Thread#14"                    [id=34020, stack(0x00000029a4000000,0x00000029a4100000) (1024K)]
  0x00000201906cbc20 ConcurrentGCThread "G1 Main Marker"            [id=27256, stack(0x00000029a1600000,0x00000029a1700000) (1024K)]
  0x00000201906ce0d0 WorkerThread "G1 Conc#0"                       [id=8828, stack(0x00000029a1700000,0x00000029a1800000) (1024K)]
  0x00000201ef482f60 WorkerThread "G1 Conc#1"                       [id=17820, stack(0x00000029a4300000,0x00000029a4400000) (1024K)]
  0x00000201efc2dea0 WorkerThread "G1 Conc#2"                       [id=29492, stack(0x00000029a4400000,0x00000029a4500000) (1024K)]
  0x00000201efc2d3c0 WorkerThread "G1 Conc#3"                       [id=4396, stack(0x00000029a4500000,0x00000029a4600000) (1024K)]
  0x00000201a664d530 ConcurrentGCThread "G1 Refine#0"               [id=10408, stack(0x00000029a1800000,0x00000029a1900000) (1024K)]
  0x00000201a664f350 ConcurrentGCThread "G1 Service"                [id=12424, stack(0x00000029a1900000,0x00000029a1a00000) (1024K)]
Total: 24

Threads with active compile tasks:
Total: 0

VM state: not at safepoint (normal execution)

VM Mutex/Monitor currently owned by a thread: None

Heap address: 0x0000000604800000, size: 8120 MB, Compressed Oops mode: Zero based, Oop shift amount: 3

CDS archive(s) mapped at: [0x00000201aa000000-0x00000201aac80000-0x00000201aac80000), size 13107200, SharedBaseAddress: 0x00000201aa000000, ArchiveRelocationMode: 1.
Compressed class space mapped at: 0x00000201ab000000-0x00000201eb000000, reserved size: 1073741824
Narrow klass base: 0x00000201aa000000, Narrow klass shift: 0, Narrow klass range: 0x100000000

GC Precious Log:
 CardTable entry size: 512
 Card Set container configuration: InlinePtr #cards 4 size 8 Array Of Cards #cards 32 size 80 Howl #buckets 8 coarsen threshold 7372 Howl Bitmap #cards 1024 size 144 coarsen threshold 921 Card regions per heap region 1 cards per card region 8192
 CPUs: 20 total, 20 available
 Memory: 32468M
 Large Page Support: Disabled
 NUMA Support: Disabled
 Compressed Oops: Enabled (Zero based)
 Heap Region Size: 4M
 Heap Min Capacity: 8M
 Heap Initial Capacity: 508M
 Heap Max Capacity: 8120M
 Pre-touch: Disabled
 Parallel Workers: 15
 Concurrent Workers: 4
 Concurrent Refinement Workers: 15
 Periodic GC: Disabled

Heap:
 garbage-first heap   total 69632K, used 31783K [0x0000000604800000, 0x0000000800000000)
  region size 4096K, 4 young (16384K), 1 survivors (4096K)
 Metaspace       used 51325K, committed 52032K, reserved 1114112K
  class space    used 6955K, committed 7296K, reserved 1048576K

Heap Regions: E=young(eden), S=young(survivor), O=old, HS=humongous(starts), HC=humongous(continues), CS=collection set, F=free, TAMS=top-at-mark-start, PB=parsable bottom
|   0|0x0000000604800000, 0x0000000604bfd418, 0x0000000604c00000| 99%| O|  |TAMS 0x0000000604800000| PB 0x0000000604800000| Untracked 
|   1|0x0000000604c00000, 0x0000000604ffffc8, 0x0000000605000000| 99%| O|  |TAMS 0x0000000604c00000| PB 0x0000000604c00000| Untracked 
|   2|0x0000000605000000, 0x00000006053fffe0, 0x0000000605400000| 99%| O|  |TAMS 0x0000000605000000| PB 0x0000000605000000| Untracked 
|   3|0x0000000605400000, 0x0000000605800000, 0x0000000605800000|100%| O|  |TAMS 0x0000000605400000| PB 0x0000000605400000| Untracked 
|   4|0x0000000605800000, 0x0000000605ba8a18, 0x0000000605c00000| 91%| O|  |TAMS 0x0000000605800000| PB 0x0000000605800000| Untracked 
|   5|0x0000000605c00000, 0x0000000605c00000, 0x0000000606000000|  0%| F|  |TAMS 0x0000000605c00000| PB 0x0000000605c00000| Untracked 
|   6|0x0000000606000000, 0x0000000606000000, 0x0000000606400000|  0%| F|  |TAMS 0x0000000606000000| PB 0x0000000606000000| Untracked 
|   7|0x0000000606400000, 0x0000000606764000, 0x0000000606800000| 84%| S|CS|TAMS 0x0000000606400000| PB 0x0000000606400000| Complete 
|   8|0x0000000606800000, 0x0000000606800000, 0x0000000606c00000|  0%| F|  |TAMS 0x0000000606800000| PB 0x0000000606800000| Untracked 
|   9|0x0000000606c00000, 0x0000000606c00000, 0x0000000607000000|  0%| F|  |TAMS 0x0000000606c00000| PB 0x0000000606c00000| Untracked 
|  10|0x0000000607000000, 0x0000000607000000, 0x0000000607400000|  0%| F|  |TAMS 0x0000000607000000| PB 0x0000000607000000| Untracked 
|  11|0x0000000607400000, 0x0000000607400000, 0x0000000607800000|  0%| F|  |TAMS 0x0000000607400000| PB 0x0000000607400000| Untracked 
|  12|0x0000000607800000, 0x0000000607800000, 0x0000000607c00000|  0%| F|  |TAMS 0x0000000607800000| PB 0x0000000607800000| Untracked 
|  13|0x0000000607c00000, 0x0000000607c00000, 0x0000000608000000|  0%| F|  |TAMS 0x0000000607c00000| PB 0x0000000607c00000| Untracked 
|  14|0x0000000608000000, 0x000000060813f1c0, 0x0000000608400000| 31%| E|  |TAMS 0x0000000608000000| PB 0x0000000608000000| Complete 
|  15|0x0000000608400000, 0x0000000608800000, 0x0000000608800000|100%| E|CS|TAMS 0x0000000608400000| PB 0x0000000608400000| Complete 
|  16|0x0000000608800000, 0x0000000608c00000, 0x0000000608c00000|100%| E|CS|TAMS 0x0000000608800000| PB 0x0000000608800000| Complete 

Card table byte_map: [0x000002019d570000,0x000002019e550000] _byte_map_base: 0x000002019a54c000

Marking Bits: (CMBitMap*) 0x00000201906bf500
 Bits: [0x000002019e550000, 0x00000201a6430000)

Polling page: 0x000002018dad0000

Metaspace:

Usage:
  Non-class:     43.33 MB used.
      Class:      6.79 MB used.
       Both:     50.12 MB used.

Virtual space:
  Non-class space:       64.00 MB reserved,      43.69 MB ( 68%) committed,  1 nodes.
      Class space:        1.00 GB reserved,       7.12 MB ( <1%) committed,  1 nodes.
             Both:        1.06 GB reserved,      50.81 MB (  5%) committed. 

Chunk freelists:
   Non-Class:  3.41 MB
       Class:  8.81 MB
        Both:  12.22 MB

MaxMetaspaceSize: unlimited
CompressedClassSpaceSize: 1.00 GB
Initial GC threshold: 21.00 MB
Current GC threshold: 84.62 MB
CDS: on
 - commit_granule_bytes: 65536.
 - commit_granule_words: 8192.
 - virtual_space_node_default_size: 8388608.
 - enlarge_chunks_in_place: 1.
 - use_allocation_guard: 0.


Internal statistics:

num_allocs_failed_limit: 6.
num_arena_births: 1616.
num_arena_deaths: 966.
num_vsnodes_births: 2.
num_vsnodes_deaths: 0.
num_space_committed: 814.
num_space_uncommitted: 1.
num_chunks_returned_to_freelist: 1207.
num_chunks_taken_from_freelist: 3981.
num_chunk_merges: 212.
num_chunk_splits: 2111.
num_chunks_enlarged: 1435.
num_inconsistent_stats: 0.

CodeCache: size=49152Kb used=14266Kb max_used=20612Kb free=34885Kb
 bounds [0x0000020198d10000, 0x000002019a1b0000, 0x000002019bd10000]
 total_blobs=7205, nmethods=6552, adapters=575, full_count=0
Compilation: enabled, stopped_count=0, restarted_count=0

Compilation events (20 events):
Event: 3716.289 Thread 0x00000201f024e250 nmethod 10081 0x00000201997eef90 code [0x00000201997ef1a0, 0x00000201997ef6b8]
Event: 3716.289 Thread 0x00000201f024cde0 nmethod 10077 0x0000020199024c10 code [0x0000020199024ea0, 0x00000201990257e0]
Event: 3716.290 Thread 0x00000201f024cde0 10082   !   1       java.util.concurrent.ConcurrentHashMap::tryPresize (193 bytes)
Event: 3716.290 Thread 0x00000201f024cde0 nmethod 10082 0x000002019928f210 code [0x000002019928f3e0, 0x000002019928f858]
Event: 3716.294 Thread 0x00000201f024cde0 10083       1       org.springframework.beans.factory.config.RuntimeBeanReference::getBeanName (5 bytes)
Event: 3716.294 Thread 0x00000201f024cde0 nmethod 10083 0x0000020198e91310 code [0x0000020198e914a0, 0x0000020198e91570]
Event: 3716.296 Thread 0x00000201f024e250 10084       1       java.util.ServiceLoader$3::hasNext (38 bytes)
Event: 3716.296 Thread 0x00000201f024e250 nmethod 10084 0x0000020198e95e90 code [0x0000020198e96060, 0x0000020198e962b8]
Event: 3716.297 Thread 0x00000201f024e250 10085       1       java.util.ArrayList$SubList::toArray (79 bytes)
Event: 3716.297 Thread 0x00000201f024e250 nmethod 10085 0x0000020199c59e10 code [0x0000020199c5a000, 0x0000020199c5a438]
Event: 3723.623 Thread 0x00000201f024c040 10086       1       jdk.internal.util.ByteArray::getInt (9 bytes)
Event: 3723.624 Thread 0x00000201f024c040 nmethod 10086 0x0000020198e7bb10 code [0x0000020198e7bcc0, 0x0000020198e7be08]
Event: 3783.637 Thread 0x00000201a673e4c0 10087       1       jdk.internal.misc.Unsafe::toUnsignedLong (7 bytes)
Event: 3783.637 Thread 0x00000201a673e4c0 nmethod 10087 0x0000020198ecdc10 code [0x0000020198ecdda0, 0x0000020198ecde58]
Event: 3843.643 Thread 0x00000201a673e4c0 10088       1       jdk.internal.util.ByteArray::getShort (9 bytes)
Event: 3843.644 Thread 0x00000201a673e4c0 nmethod 10088 0x00000201991df510 code [0x00000201991df6a0, 0x00000201991df7e0]
Event: 3903.660 Thread 0x00000201a673e4c0 10089       1       java.io.ObjectInputStream::readLong (8 bytes)
Event: 3903.660 Thread 0x00000201a673e4c0 nmethod 10089 0x0000020198eb0e10 code [0x0000020198eb0fc0, 0x0000020198eb10c0]
Event: 3903.660 Thread 0x00000201a673e4c0 10090       1       java.io.ObjectInputStream$BlockDataInputStream::readLong (76 bytes)
Event: 3903.661 Thread 0x00000201a673e4c0 nmethod 10090 0x0000020199409090 code [0x0000020199409280, 0x0000020199409598]

GC Heap History (20 events):
Event: 3621.897 GC heap before
{Heap before GC invocations=36 (full 8):
 garbage-first heap   total 69632K, used 39861K [0x0000000604800000, 0x0000000800000000)
  region size 4096K, 6 young (24576K), 1 survivors (4096K)
 Metaspace       used 50722K, committed 51392K, reserved 1114112K
  class space    used 6852K, committed 7168K, reserved 1048576K
}
Event: 3621.935 GC heap after
{Heap after GC invocations=37 (full 9):
 garbage-first heap   total 69632K, used 19900K [0x0000000604800000, 0x0000000800000000)
  region size 4096K, 0 young (0K), 0 survivors (0K)
 Metaspace       used 50605K, committed 51392K, reserved 1114112K
  class space    used 6821K, committed 7168K, reserved 1048576K
}
Event: 3622.175 GC heap before
{Heap before GC invocations=37 (full 9):
 garbage-first heap   total 69632K, used 56764K [0x0000000604800000, 0x0000000800000000)
  region size 4096K, 9 young (36864K), 0 survivors (0K)
 Metaspace       used 50730K, committed 51392K, reserved 1114112K
  class space    used 6847K, committed 7168K, reserved 1048576K
}
Event: 3622.176 GC heap after
{Heap after GC invocations=38 (full 9):
 garbage-first heap   total 69632K, used 23579K [0x0000000604800000, 0x0000000800000000)
  region size 4096K, 1 young (4096K), 1 survivors (4096K)
 Metaspace       used 50730K, committed 51392K, reserved 1114112K
  class space    used 6847K, committed 7168K, reserved 1048576K
}
Event: 3642.036 GC heap before
{Heap before GC invocations=38 (full 9):
 garbage-first heap   total 69632K, used 35867K [0x0000000604800000, 0x0000000800000000)
  region size 4096K, 6 young (24576K), 1 survivors (4096K)
 Metaspace       used 50763K, committed 51392K, reserved 1114112K
  class space    used 6853K, committed 7168K, reserved 1048576K
}
Event: 3642.072 GC heap after
{Heap after GC invocations=39 (full 10):
 garbage-first heap   total 69632K, used 19874K [0x0000000604800000, 0x0000000800000000)
  region size 4096K, 0 young (0K), 0 survivors (0K)
 Metaspace       used 50730K, committed 51392K, reserved 1114112K
  class space    used 6845K, committed 7168K, reserved 1048576K
}
Event: 3642.276 GC heap before
{Heap before GC invocations=39 (full 10):
 garbage-first heap   total 69632K, used 52642K [0x0000000604800000, 0x0000000800000000)
  region size 4096K, 9 young (36864K), 0 survivors (0K)
 Metaspace       used 50854K, committed 51456K, reserved 1114112K
  class space    used 6871K, committed 7168K, reserved 1048576K
}
Event: 3642.278 GC heap after
{Heap after GC invocations=40 (full 10):
 garbage-first heap   total 69632K, used 23419K [0x0000000604800000, 0x0000000800000000)
  region size 4096K, 1 young (4096K), 1 survivors (4096K)
 Metaspace       used 50854K, committed 51456K, reserved 1114112K
  class space    used 6871K, committed 7168K, reserved 1048576K
}
Event: 3667.179 GC heap before
{Heap before GC invocations=40 (full 10):
 garbage-first heap   total 69632K, used 39803K [0x0000000604800000, 0x0000000800000000)
  region size 4096K, 6 young (24576K), 1 survivors (4096K)
 Metaspace       used 50919K, committed 51584K, reserved 1114112K
  class space    used 6884K, committed 7232K, reserved 1048576K
}
Event: 3667.216 GC heap after
{Heap after GC invocations=41 (full 11):
 garbage-first heap   total 69632K, used 20005K [0x0000000604800000, 0x0000000800000000)
  region size 4096K, 0 young (0K), 0 survivors (0K)
 Metaspace       used 50912K, committed 51584K, reserved 1114112K
  class space    used 6883K, committed 7232K, reserved 1048576K
}
Event: 3667.419 GC heap before
{Heap before GC invocations=41 (full 11):
 garbage-first heap   total 69632K, used 52773K [0x0000000604800000, 0x0000000800000000)
  region size 4096K, 9 young (36864K), 0 survivors (0K)
 Metaspace       used 51028K, committed 51648K, reserved 1114112K
  class space    used 6904K, committed 7232K, reserved 1048576K
}
Event: 3667.421 GC heap after
{Heap after GC invocations=42 (full 11):
 garbage-first heap   total 69632K, used 23624K [0x0000000604800000, 0x0000000800000000)
  region size 4096K, 1 young (4096K), 1 survivors (4096K)
 Metaspace       used 51028K, committed 51648K, reserved 1114112K
  class space    used 6904K, committed 7232K, reserved 1048576K
}
Event: 3681.008 GC heap before
{Heap before GC invocations=42 (full 11):
 garbage-first heap   total 69632K, used 35912K [0x0000000604800000, 0x0000000800000000)
  region size 4096K, 5 young (20480K), 1 survivors (4096K)
 Metaspace       used 51060K, committed 51776K, reserved 1114112K
  class space    used 6906K, committed 7232K, reserved 1048576K
}
Event: 3681.043 GC heap after
{Heap after GC invocations=43 (full 12):
 garbage-first heap   total 69632K, used 20035K [0x0000000604800000, 0x0000000800000000)
  region size 4096K, 0 young (0K), 0 survivors (0K)
 Metaspace       used 51052K, committed 51776K, reserved 1114112K
  class space    used 6905K, committed 7232K, reserved 1048576K
}
Event: 3681.251 GC heap before
{Heap before GC invocations=43 (full 12):
 garbage-first heap   total 69632K, used 56899K [0x0000000604800000, 0x0000000800000000)
  region size 4096K, 9 young (36864K), 0 survivors (0K)
 Metaspace       used 51169K, committed 51904K, reserved 1114112K
  class space    used 6926K, committed 7296K, reserved 1048576K
}
Event: 3681.252 GC heap after
{Heap after GC invocations=44 (full 12):
 garbage-first heap   total 69632K, used 23661K [0x0000000604800000, 0x0000000800000000)
  region size 4096K, 1 young (4096K), 1 survivors (4096K)
 Metaspace       used 51169K, committed 51904K, reserved 1114112K
  class space    used 6926K, committed 7296K, reserved 1048576K
}
Event: 3716.002 GC heap before
{Heap before GC invocations=44 (full 12):
 garbage-first heap   total 69632K, used 40045K [0x0000000604800000, 0x0000000800000000)
  region size 4096K, 6 young (24576K), 1 survivors (4096K)
 Metaspace       used 51203K, committed 51904K, reserved 1114112K
  class space    used 6932K, committed 7296K, reserved 1048576K
}
Event: 3716.038 GC heap after
{Heap after GC invocations=45 (full 13):
 garbage-first heap   total 69632K, used 20119K [0x0000000604800000, 0x0000000800000000)
  region size 4096K, 0 young (0K), 0 survivors (0K)
 Metaspace       used 51197K, committed 51904K, reserved 1114112K
  class space    used 6931K, committed 7296K, reserved 1048576K
}
Event: 3716.213 GC heap before
{Heap before GC invocations=45 (full 13):
 garbage-first heap   total 69632K, used 48791K [0x0000000604800000, 0x0000000800000000)
  region size 4096K, 9 young (36864K), 0 survivors (0K)
 Metaspace       used 51257K, committed 51968K, reserved 1114112K
  class space    used 6946K, committed 7296K, reserved 1048576K
}
Event: 3716.215 GC heap after
{Heap after GC invocations=46 (full 13):
 garbage-first heap   total 69632K, used 23591K [0x0000000604800000, 0x0000000800000000)
  region size 4096K, 1 young (4096K), 1 survivors (4096K)
 Metaspace       used 51257K, committed 51968K, reserved 1114112K
  class space    used 6946K, committed 7296K, reserved 1048576K
}

Dll operation events (12 events):
Event: 0.014 Loaded shared library C:\pleiades2025-09\java\21\bin\java.dll
Event: 0.198 Loaded shared library C:\pleiades2025-09\java\21\bin\zip.dll
Event: 0.201 Loaded shared library C:\pleiades2025-09\java\21\bin\instrument.dll
Event: 0.205 Loaded shared library C:\pleiades2025-09\java\21\bin\net.dll
Event: 0.206 Loaded shared library C:\pleiades2025-09\java\21\bin\nio.dll
Event: 0.209 Loaded shared library C:\pleiades2025-09\java\21\bin\zip.dll
Event: 0.307 Loaded shared library C:\pleiades2025-09\java\21\bin\jimage.dll
Event: 0.329 Loaded shared library C:\pleiades2025-09\java\21\bin\management.dll
Event: 0.333 Loaded shared library C:\pleiades2025-09\java\21\bin\management_ext.dll
Event: 0.417 Loaded shared library C:\pleiades2025-09\java\21\bin\verify.dll
Event: 0.466 Loaded shared library C:\pleiades2025-09\java\21\bin\extnet.dll
Event: 1.055 Loaded shared library C:\pleiades2025-09\java\21\bin\sunmscapi.dll

Deoptimization events (20 events):
Event: 3716.296 Thread 0x00000201f1119430 DEOPT PACKING pc=0x0000020199615634 sp=0x00000029a26f9dd0
Event: 3716.297 Thread 0x00000201f1119430 DEOPT UNPACKING pc=0x0000020198d64e42 sp=0x00000029a26f92f8 mode 1
Event: 3716.297 Thread 0x00000201f1119430 DEOPT PACKING pc=0x000002019934d3f4 sp=0x00000029a26f9eb0
Event: 3716.297 Thread 0x00000201f1119430 DEOPT UNPACKING pc=0x0000020198d64e42 sp=0x00000029a26f93a0 mode 1
Event: 3722.526 Thread 0x00000201f1119430 DEOPT PACKING pc=0x00000201991ce934 sp=0x00000029a26fd740
Event: 3722.526 Thread 0x00000201f1119430 DEOPT UNPACKING pc=0x0000020198d64e42 sp=0x00000029a26fcbf8 mode 0
Event: 3723.624 Thread 0x00000201ef9072c0 DEOPT PACKING pc=0x0000020198f15574 sp=0x00000029a3dfdf60
Event: 3723.624 Thread 0x00000201ef9072c0 DEOPT UNPACKING pc=0x0000020198d64e42 sp=0x00000029a3dfd4c8 mode 1
Event: 3723.624 Thread 0x00000201ef9072c0 DEOPT PACKING pc=0x0000020198f15574 sp=0x00000029a3dfdf60
Event: 3723.624 Thread 0x00000201ef9072c0 DEOPT UNPACKING pc=0x0000020198d64e42 sp=0x00000029a3dfd4c8 mode 1
Event: 3723.624 Thread 0x00000201ef9072c0 DEOPT PACKING pc=0x0000020198f15574 sp=0x00000029a3dfdf60
Event: 3723.624 Thread 0x00000201ef9072c0 DEOPT UNPACKING pc=0x0000020198d64e42 sp=0x00000029a3dfd4c8 mode 1
Event: 3723.624 Thread 0x00000201ef9072c0 DEOPT PACKING pc=0x0000020198f15574 sp=0x00000029a3dfdf60
Event: 3723.624 Thread 0x00000201ef9072c0 DEOPT UNPACKING pc=0x0000020198d64e42 sp=0x00000029a3dfd4c8 mode 1
Event: 3723.624 Thread 0x00000201ef9072c0 DEOPT PACKING pc=0x0000020198f15574 sp=0x00000029a3dfdf60
Event: 3723.624 Thread 0x00000201ef9072c0 DEOPT UNPACKING pc=0x0000020198d64e42 sp=0x00000029a3dfd4c8 mode 1
Event: 3723.624 Thread 0x00000201ef9072c0 DEOPT PACKING pc=0x0000020198f15574 sp=0x00000029a3dfdf60
Event: 3723.624 Thread 0x00000201ef9072c0 DEOPT UNPACKING pc=0x0000020198d64e42 sp=0x00000029a3dfd4c8 mode 1
Event: 3723.624 Thread 0x00000201ef9072c0 DEOPT PACKING pc=0x0000020198f15574 sp=0x00000029a3dfdf60
Event: 3723.624 Thread 0x00000201ef9072c0 DEOPT UNPACKING pc=0x0000020198d64e42 sp=0x00000029a3dfd4c8 mode 1

Classes loaded (20 events):
Event: 70.635 Loading class java/util/concurrent/locks/AbstractQueuedSynchronizer$SharedNode
Event: 70.635 Loading class java/util/concurrent/locks/AbstractQueuedSynchronizer$SharedNode done
Event: 70.650 Loading class java/io/FileOutputStream$1
Event: 70.650 Loading class java/io/FileOutputStream$1 done
Event: 70.652 Loading class java/util/WeakHashMap$KeyIterator
Event: 70.652 Loading class java/util/WeakHashMap$KeyIterator done
Event: 70.678 Loading class java/lang/ref/Finalizer$2
Event: 70.678 Loading class java/lang/ref/Finalizer$2 done
Event: 70.678 Loading class java/lang/ref/Finalizer$1
Event: 70.678 Loading class java/lang/ref/Finalizer$1 done
Event: 70.920 Loading class java/io/InvalidClassException
Event: 70.920 Loading class java/io/InvalidClassException done
Event: 2763.281 Loading class java/rmi/server/UnicastRemoteObject
Event: 2763.287 Loading class java/rmi/server/UnicastRemoteObject done
Event: 2763.287 Loading class java/util/Vector$1
Event: 2763.289 Loading class java/util/Vector$1 done
Event: 2970.998 Loading class java/time/DurationEditor
Event: 2970.998 Loading class java/time/DurationEditor done
Event: 3498.934 Loading class java/time/DurationEditor
Event: 3498.934 Loading class java/time/DurationEditor done

Classes unloaded (20 events):
Event: 3681.021 Thread 0x00000201a67147a0 Unloading class 0x00000201ab6fc800 'java/lang/invoke/LambdaForm$MH+0x00000201ab6fc800'
Event: 3716.015 Thread 0x00000201a67147a0 Unloading class 0x00000201ab724000 'jdk/internal/reflect/GeneratedSerializationConstructorAccessor47'
Event: 3716.015 Thread 0x00000201a67147a0 Unloading class 0x00000201ab71c800 'org/apache/catalina/loader/JdbcLeakPrevention'
Event: 3716.224 Thread 0x00000201a67147a0 Unloading class 0x00000201ab601c00 'jdk/internal/reflect/GeneratedSerializationConstructorAccessor45'
Event: 3716.224 Thread 0x00000201a67147a0 Unloading class 0x00000201ab600400 'jdk/internal/reflect/GeneratedSerializationConstructorAccessor44'
Event: 3716.224 Thread 0x00000201a67147a0 Unloading class 0x00000201ab5a0000 'jdk/internal/reflect/GeneratedSerializationConstructorAccessor43'
Event: 3716.224 Thread 0x00000201a67147a0 Unloading class 0x00000201ab380000 'jdk/internal/reflect/GeneratedSerializationConstructorAccessor42'
Event: 3716.224 Thread 0x00000201a67147a0 Unloading class 0x00000201ab6e0c00 'java/lang/invoke/LambdaForm$MH+0x00000201ab6e0c00'
Event: 3716.224 Thread 0x00000201a67147a0 Unloading class 0x00000201ab0cac00 'java/lang/invoke/LambdaForm$MH+0x00000201ab0cac00'
Event: 3716.224 Thread 0x00000201a67147a0 Unloading class 0x00000201ab0cb400 'java/lang/invoke/LambdaForm$MH+0x00000201ab0cb400'
Event: 3716.224 Thread 0x00000201a67147a0 Unloading class 0x00000201ab103000 'java/lang/invoke/LambdaForm$MH+0x00000201ab103000'
Event: 3716.224 Thread 0x00000201a67147a0 Unloading class 0x00000201ab104800 'java/lang/invoke/LambdaForm$MH+0x00000201ab104800'
Event: 3716.224 Thread 0x00000201a67147a0 Unloading class 0x00000201ab1d2400 'java/lang/invoke/LambdaForm$MH+0x00000201ab1d2400'
Event: 3716.224 Thread 0x00000201a67147a0 Unloading class 0x00000201ab3ecc00 'java/lang/invoke/LambdaForm$MH+0x00000201ab3ecc00'
Event: 3716.224 Thread 0x00000201a67147a0 Unloading class 0x00000201ab3ee000 'java/lang/invoke/LambdaForm$MH+0x00000201ab3ee000'
Event: 3716.224 Thread 0x00000201a67147a0 Unloading class 0x00000201ab4ad000 'java/lang/invoke/LambdaForm$MH+0x00000201ab4ad000'
Event: 3716.224 Thread 0x00000201a67147a0 Unloading class 0x00000201ab49c400 'java/lang/invoke/LambdaForm$MH+0x00000201ab49c400'
Event: 3716.224 Thread 0x00000201a67147a0 Unloading class 0x00000201ab3fc800 'java/lang/invoke/LambdaForm$MH+0x00000201ab3fc800'
Event: 3716.224 Thread 0x00000201a67147a0 Unloading class 0x00000201ab1c1800 'java/lang/invoke/LambdaForm$MH+0x00000201ab1c1800'
Event: 3716.224 Thread 0x00000201a67147a0 Unloading class 0x00000201ab123400 'java/lang/invoke/LambdaForm$MH+0x00000201ab123400'

Classes redefined (19 events):
Event: 68.923 Thread 0x00000201a67147a0 redefined class name=jp.co.ecsite.controller.CartController, count=1
Event: 3025.708 Thread 0x00000201a67147a0 redefined class name=jp.co.ecsite.controller.MemberChangeController, count=1
Event: 3665.649 Thread 0x00000201a67147a0 redefined class name=jp.co.ecsite.controller.MemberChangeController, count=1
Event: 3665.649 Thread 0x00000201a67147a0 redefined class name=jp.co.ecsite.controller.MemberChangeController, count=1
Event: 3665.649 Thread 0x00000201a67147a0 redefined class name=jp.co.ecsite.controller.MemberChangeController, count=1
Event: 3665.649 Thread 0x00000201a67147a0 redefined class name=jp.co.ecsite.controller.MemberChangeController, count=1
Event: 3665.649 Thread 0x00000201a67147a0 redefined class name=jp.co.ecsite.controller.MemberChangeController, count=1
Event: 3665.649 Thread 0x00000201a67147a0 redefined class name=jp.co.ecsite.controller.MemberChangeController, count=1
Event: 3665.649 Thread 0x00000201a67147a0 redefined class name=jp.co.ecsite.controller.MemberChangeController, count=1
Event: 3665.649 Thread 0x00000201a67147a0 redefined class name=jp.co.ecsite.controller.MemberChangeController, count=2
Event: 3680.139 Thread 0x00000201a67147a0 redefined class name=jp.co.ecsite.controller.MemberChangeController, count=2
Event: 3680.139 Thread 0x00000201a67147a0 redefined class name=jp.co.ecsite.controller.MemberChangeController, count=2
Event: 3680.139 Thread 0x00000201a67147a0 redefined class name=jp.co.ecsite.controller.MemberChangeController, count=2
Event: 3680.139 Thread 0x00000201a67147a0 redefined class name=jp.co.ecsite.controller.MemberChangeController, count=2
Event: 3680.139 Thread 0x00000201a67147a0 redefined class name=jp.co.ecsite.controller.MemberChangeController, count=2
Event: 3680.139 Thread 0x00000201a67147a0 redefined class name=jp.co.ecsite.controller.MemberChangeController, count=2
Event: 3680.139 Thread 0x00000201a67147a0 redefined class name=jp.co.ecsite.controller.MemberChangeController, count=1
Event: 3680.139 Thread 0x00000201a67147a0 redefined class name=jp.co.ecsite.controller.MemberChangeController, count=2
Event: 3680.139 Thread 0x00000201a67147a0 redefined class name=jp.co.ecsite.controller.MemberChangeController, count=3

Internal exceptions (20 events):
Event: 3681.188 Thread 0x00000201f1118080 Exception <a 'java/lang/NoClassDefFoundError'{0x00000006075f5de0}: org/flywaydb/core/Flyway> (0x00000006075f5de0) 
thrown [s\src\hotspot\share\oops\constantPool.cpp, line 873]
Event: 3681.188 Thread 0x00000201f1118080 Exception <a 'java/lang/NoClassDefFoundError'{0x00000006075f6440}: liquibase/integration/spring/SpringLiquibase> (0x00000006075f6440) 
thrown [s\src\hotspot\share\oops\constantPool.cpp, line 873]
Event: 3681.189 Thread 0x00000201f1118080 Exception <a 'java/lang/NoClassDefFoundError'{0x000000060760f978}: org/springframework/batch/core/repository/JobRepository> (0x000000060760f978) 
thrown [s\src\hotspot\share\oops\constantPool.cpp, line 873]
Event: 3681.189 Thread 0x00000201f1118080 Exception <a 'java/lang/NoClassDefFoundError'{0x000000060760ffd0}: org/quartz/Scheduler> (0x000000060760ffd0) 
thrown [s\src\hotspot\share\oops\constantPool.cpp, line 873]
Event: 3681.190 Thread 0x00000201f1118080 Exception <a 'java/lang/NoClassDefFoundError'{0x0000000607610650}: org/springframework/session/jdbc/JdbcIndexedSessionRepository> (0x0000000607610650) 
thrown [s\src\hotspot\share\oops\constantPool.cpp, line 873]
Event: 3681.190 Thread 0x00000201f1118080 Exception <a 'java/lang/NoClassDefFoundError'{0x000000060761cf00}: org/jooq/DSLContext> (0x000000060761cf00) 
thrown [s\src\hotspot\share\oops\constantPool.cpp, line 873]
Event: 3681.191 Thread 0x00000201f1118080 Exception <a 'java/lang/NoClassDefFoundError'{0x000000060761e448}: jakarta/persistence/EntityManagerFactory> (0x000000060761e448) 
thrown [s\src\hotspot\share\oops\constantPool.cpp, line 873]
Event: 3681.213 Thread 0x00000201f1118080 Exception <a 'java/io/FileNotFoundException'{0x00000006072b1618}> (0x00000006072b1618) 
thrown [s\src\hotspot\share\prims\jni.cpp, line 520]
Event: 3681.220 Thread 0x00000201f1118080 Exception <a 'java/io/FileNotFoundException'{0x00000006073f1f90}> (0x00000006073f1f90) 
thrown [s\src\hotspot\share\prims\jni.cpp, line 520]
Event: 3716.002 Thread 0x00000201f111bb90 Exception <a 'java/lang/InterruptedException'{0x00000006079b95d0}: sleep interrupted> (0x00000006079b95d0) 
thrown [s\src\hotspot\share\prims\jvm.cpp, line 3074]
Event: 3716.045 Thread 0x00000201f1119430 Exception <a 'sun/nio/fs/WindowsException'{0x000000060886ca78}> (0x000000060886ca78) 
thrown [s\src\hotspot\share\prims\jni.cpp, line 520]
Event: 3716.165 Thread 0x00000201f1119430 Exception <a 'java/lang/NoClassDefFoundError'{0x00000006075ebd30}: org/flywaydb/core/Flyway> (0x00000006075ebd30) 
thrown [s\src\hotspot\share\oops\constantPool.cpp, line 873]
Event: 3716.166 Thread 0x00000201f1119430 Exception <a 'java/lang/NoClassDefFoundError'{0x00000006075ec390}: liquibase/integration/spring/SpringLiquibase> (0x00000006075ec390) 
thrown [s\src\hotspot\share\oops\constantPool.cpp, line 873]
Event: 3716.167 Thread 0x00000201f1119430 Exception <a 'java/lang/NoClassDefFoundError'{0x0000000607605810}: org/springframework/batch/core/repository/JobRepository> (0x0000000607605810) 
thrown [s\src\hotspot\share\oops\constantPool.cpp, line 873]
Event: 3716.167 Thread 0x00000201f1119430 Exception <a 'java/lang/NoClassDefFoundError'{0x0000000607605e68}: org/quartz/Scheduler> (0x0000000607605e68) 
thrown [s\src\hotspot\share\oops\constantPool.cpp, line 873]
Event: 3716.168 Thread 0x00000201f1119430 Exception <a 'java/lang/NoClassDefFoundError'{0x00000006076064e8}: org/springframework/session/jdbc/JdbcIndexedSessionRepository> (0x00000006076064e8) 
thrown [s\src\hotspot\share\oops\constantPool.cpp, line 873]
Event: 3716.168 Thread 0x00000201f1119430 Exception <a 'java/lang/NoClassDefFoundError'{0x0000000607612d98}: org/jooq/DSLContext> (0x0000000607612d98) 
thrown [s\src\hotspot\share\oops\constantPool.cpp, line 873]
Event: 3716.169 Thread 0x00000201f1119430 Exception <a 'java/lang/NoClassDefFoundError'{0x00000006076142e0}: jakarta/persistence/EntityManagerFactory> (0x00000006076142e0) 
thrown [s\src\hotspot\share\oops\constantPool.cpp, line 873]
Event: 3716.190 Thread 0x00000201f1119430 Exception <a 'java/io/FileNotFoundException'{0x00000006072a81b0}> (0x00000006072a81b0) 
thrown [s\src\hotspot\share\prims\jni.cpp, line 520]
Event: 3716.198 Thread 0x00000201f1119430 Exception <a 'java/io/FileNotFoundException'{0x00000006073e9d88}> (0x00000006073e9d88) 
thrown [s\src\hotspot\share\prims\jni.cpp, line 520]

ZGC Phase Switch (0 events):
No events

VM Operations (20 events):
Event: 3722.592 Executing VM operation: get/set locals
Event: 3722.592 Executing VM operation: get/set locals done
Event: 3722.592 Executing VM operation: get/set locals
Event: 3722.592 Executing VM operation: get/set locals done
Event: 3722.592 Executing VM operation: get/set locals
Event: 3722.592 Executing VM operation: get/set locals done
Event: 3722.593 Executing VM operation: get/set locals
Event: 3722.593 Executing VM operation: get/set locals done
Event: 3724.593 Executing VM operation: Cleanup
Event: 3724.593 Executing VM operation: Cleanup done
Event: 3753.056 Executing VM operation: HandshakeAllThreads (HandshakeForDeflation)
Event: 3753.056 Executing VM operation: HandshakeAllThreads (HandshakeForDeflation) done
Event: 3753.056 Executing VM operation: RendezvousGCThreads
Event: 3753.056 Executing VM operation: RendezvousGCThreads done
Event: 3813.289 Executing VM operation: HandshakeAllThreads (HandshakeForDeflation)
Event: 3813.289 Executing VM operation: HandshakeAllThreads (HandshakeForDeflation) done
Event: 3813.290 Executing VM operation: RendezvousGCThreads
Event: 3813.290 Executing VM operation: RendezvousGCThreads done
Event: 3943.384 Executing VM operation: ChangeSingleStep
Event: 3943.384 Executing VM operation: ChangeSingleStep done

Memory protections (0 events):
No events

Nmethod flushes (20 events):
Event: 3716.230 Thread 0x00000201a67147a0 flushing  nmethod 0x00000201997dbe90
Event: 3716.230 Thread 0x00000201a67147a0 flushing  nmethod 0x00000201997e0590
Event: 3716.230 Thread 0x00000201a67147a0 flushing  nmethod 0x00000201997e2190
Event: 3716.230 Thread 0x00000201a67147a0 flushing  nmethod 0x00000201997f0290
Event: 3716.230 Thread 0x00000201a67147a0 flushing  nmethod 0x00000201997f0d10
Event: 3716.230 Thread 0x00000201a67147a0 flushing  nmethod 0x00000201998ab410
Event: 3716.230 Thread 0x00000201a67147a0 flushing  nmethod 0x0000020199c59e10
Event: 3716.230 Thread 0x00000201a67147a0 flushing  nmethod 0x0000020198ecb990
Event: 3716.230 Thread 0x00000201a67147a0 flushing  nmethod 0x0000020198ecdc10
Event: 3716.230 Thread 0x00000201a67147a0 flushing  nmethod 0x0000020198eef910
Event: 3716.230 Thread 0x00000201a67147a0 flushing  nmethod 0x0000020199192110
Event: 3716.230 Thread 0x00000201a67147a0 flushing  nmethod 0x00000201991df510
Event: 3716.230 Thread 0x00000201a67147a0 flushing  nmethod 0x00000201994b4490
Event: 3716.230 Thread 0x00000201a67147a0 flushing  nmethod 0x00000201995d7b90
Event: 3716.230 Thread 0x00000201a67147a0 flushing  nmethod 0x000002019977fa90
Event: 3716.230 Thread 0x00000201a67147a0 flushing  nmethod 0x00000201999caa10
Event: 3716.230 Thread 0x00000201a67147a0 flushing  nmethod 0x000002019940e410
Event: 3716.230 Thread 0x00000201a67147a0 flushing  nmethod 0x000002019967fb90
Event: 3716.230 Thread 0x00000201a67147a0 flushing  nmethod 0x00000201996fac10
Event: 3716.230 Thread 0x00000201a67147a0 flushing  nmethod 0x00000201996faf90

Events (20 events):
Event: 3716.212 Thread 0x00000201a673e4c0 Thread added: 0x00000201f024b970
Event: 3716.212 Thread 0x00000201a673e4c0 Thread added: 0x00000201f024c710
Event: 3716.212 Thread 0x00000201a673e4c0 Thread added: 0x00000201f024cde0
Event: 3716.212 Thread 0x00000201a673e4c0 Thread added: 0x00000201f024d4b0
Event: 3716.212 Thread 0x00000201a673e4c0 Thread added: 0x00000201f0249e30
Event: 3716.212 Thread 0x00000201a673e4c0 Thread added: 0x00000201f024db80
Event: 3716.212 Thread 0x00000201a673e4c0 Thread added: 0x00000201f024e250
Event: 3716.213 Thread 0x00000201a673e4c0 Thread added: 0x00000201f024abd0
Event: 3716.213 Thread 0x00000201a673e4c0 Thread added: 0x00000201f0250b30
Event: 3721.298 Thread 0x00000201f0250b30 Thread exited: 0x00000201f0250b30
Event: 3723.623 Thread 0x00000201f024abd0 Thread exited: 0x00000201f024abd0
Event: 3723.623 Thread 0x00000201f024e250 Thread exited: 0x00000201f024e250
Event: 3723.623 Thread 0x00000201f024db80 Thread exited: 0x00000201f024db80
Event: 3728.623 Thread 0x00000201f024d4b0 Thread exited: 0x00000201f024d4b0
Event: 3728.623 Thread 0x00000201f0249e30 Thread exited: 0x00000201f0249e30
Event: 3733.626 Thread 0x00000201f024cde0 Thread exited: 0x00000201f024cde0
Event: 3733.626 Thread 0x00000201f024c710 Thread exited: 0x00000201f024c710
Event: 3738.634 Thread 0x00000201f024b970 Thread exited: 0x00000201f024b970
Event: 3738.634 Thread 0x00000201f024c040 Thread exited: 0x00000201f024c040
Event: 3743.635 Thread 0x00000201f024b2a0 Thread exited: 0x00000201f024b2a0


Dynamic libraries:
0x00007ff7e7ae0000 - 0x00007ff7e7aee000 	C:\pleiades2025-09\java\21\bin\javaw.exe
0x00007ffcb1aa0000 - 0x00007ffcb1d06000 	C:\WINDOWS\SYSTEM32\ntdll.dll
0x00007ffcb15e0000 - 0x00007ffcb16a9000 	C:\WINDOWS\System32\KERNEL32.DLL
0x00007ffcaefa0000 - 0x00007ffcaf39a000 	C:\WINDOWS\System32\KERNELBASE.dll
0x00007ffcaf4d0000 - 0x00007ffcaf61c000 	C:\WINDOWS\System32\ucrtbase.dll
0x00007ffca2e40000 - 0x00007ffca2e58000 	C:\pleiades2025-09\java\21\bin\jli.dll
0x00007ffc98e00000 - 0x00007ffc98e1e000 	C:\pleiades2025-09\java\21\bin\VCRUNTIME140.dll
0x00007ffcb0d00000 - 0x00007ffcb0ec7000 	C:\WINDOWS\System32\USER32.dll
0x00007ffcaef70000 - 0x00007ffcaef97000 	C:\WINDOWS\System32\win32u.dll
0x00007ffcb1810000 - 0x00007ffcb183b000 	C:\WINDOWS\System32\GDI32.dll
0x00007ffcaf3a0000 - 0x00007ffcaf4cb000 	C:\WINDOWS\System32\gdi32full.dll
0x00007ffcaf6d0000 - 0x00007ffcaf773000 	C:\WINDOWS\System32\msvcp_win.dll
0x00007ffc8d5b0000 - 0x00007ffc8d842000 	C:\WINDOWS\WinSxS\amd64_microsoft.windows.common-controls_6595b64144ccf1df_6.0.26100.8521_none_3e08b75ce33403b3\COMCTL32.dll
0x00007ffcb14b0000 - 0x00007ffcb1559000 	C:\WINDOWS\System32\msvcrt.dll
0x00007ffcb1560000 - 0x00007ffcb1592000 	C:\WINDOWS\System32\IMM32.DLL
0x00007ffc8dea0000 - 0x00007ffc8dffb000 	C:\WINDOWS\system32\tmumh\20019\AddOn\8.55.0.1368\TmUmEvt64.dll
0x00007ffcb15a0000 - 0x00007ffcb15a8000 	C:\WINDOWS\System32\PSAPI.DLL
0x00007ffcb0a60000 - 0x00007ffcb0b16000 	C:\WINDOWS\System32\ADVAPI32.dll
0x00007ffcb0c50000 - 0x00007ffcb0cfa000 	C:\WINDOWS\System32\sechost.dll
0x00007ffcb0b30000 - 0x00007ffcb0c48000 	C:\WINDOWS\System32\RPCRT4.dll
0x0000000077bc0000 - 0x0000000077ce6000 	C:\WINDOWS\system32\tmumh\20019\TmMon\2.9.0.1215\tmmon64.dll
0x00007ffca2f50000 - 0x00007ffca2f5c000 	C:\pleiades2025-09\java\21\bin\vcruntime140_1.dll
0x00007ffc74ed0000 - 0x00007ffc74f5d000 	C:\pleiades2025-09\java\21\bin\msvcp140.dll
0x00007ffbf59c0000 - 0x00007ffbf6757000 	C:\pleiades2025-09\java\21\bin\server\jvm.dll
0x00007ffcb0540000 - 0x00007ffcb05c0000 	C:\WINDOWS\System32\WS2_32.dll
0x00007ffcaebb0000 - 0x00007ffcaec0e000 	C:\WINDOWS\SYSTEM32\POWRPROF.dll
0x00007ffca32d0000 - 0x00007ffca3306000 	C:\WINDOWS\SYSTEM32\WINMM.dll
0x00007ffc8e1f0000 - 0x00007ffc8e1fb000 	C:\WINDOWS\SYSTEM32\VERSION.dll
0x00007ffcaeb70000 - 0x00007ffcaeb84000 	C:\WINDOWS\SYSTEM32\UMPDC.dll
0x00007ffcada80000 - 0x00007ffcada9b000 	C:\WINDOWS\SYSTEM32\kernel.appcore.dll
0x00007ffca3100000 - 0x00007ffca310a000 	C:\pleiades2025-09\java\21\bin\jimage.dll
0x00007ffcac560000 - 0x00007ffcac7a2000 	C:\WINDOWS\SYSTEM32\DBGHELP.DLL
0x00007ffcaf990000 - 0x00007ffcafd13000 	C:\WINDOWS\System32\combase.dll
0x00007ffcb0ed0000 - 0x00007ffcb0fa9000 	C:\WINDOWS\System32\OLEAUT32.dll
0x00007ffc8ddd0000 - 0x00007ffc8de0b000 	C:\WINDOWS\SYSTEM32\dbgcore.DLL
0x00007ffcaf620000 - 0x00007ffcaf6c8000 	C:\WINDOWS\System32\bcryptPrimitives.dll
0x00007ffc91300000 - 0x00007ffc9133c000 	C:\pleiades2025-09\java\21\bin\jdwp.dll
0x00007ffca3130000 - 0x00007ffca313f000 	C:\pleiades2025-09\java\21\bin\instrument.dll
0x00007ffca2e60000 - 0x00007ffca2e7f000 	C:\pleiades2025-09\java\21\bin\java.dll
0x00007ffcafdb0000 - 0x00007ffcb0534000 	C:\WINDOWS\System32\SHELL32.dll
0x00007ffcac8b0000 - 0x00007ffcad130000 	C:\WINDOWS\SYSTEM32\windows.storage.dll
0x00007ffcb1230000 - 0x00007ffcb1326000 	C:\WINDOWS\System32\SHCORE.dll
0x00007ffcb19e0000 - 0x00007ffcb1a47000 	C:\WINDOWS\System32\shlwapi.dll
0x00007ffcaec50000 - 0x00007ffcaec79000 	C:\WINDOWS\SYSTEM32\profapi.dll
0x00007ffca31d0000 - 0x00007ffca31db000 	C:\pleiades2025-09\java\21\bin\dt_socket.dll
0x00007ffcad460000 - 0x00007ffcad493000 	C:\WINDOWS\SYSTEM32\IPHLPAPI.DLL
0x00007ffcadfd0000 - 0x00007ffcae03c000 	C:\WINDOWS\system32\mswsock.dll
0x00007ffcad4a0000 - 0x00007ffcad5ea000 	C:\WINDOWS\SYSTEM32\DNSAPI.dll
0x00007ffcade10000 - 0x00007ffcade1d000 	C:\WINDOWS\SYSTEM32\DSPARSE.dll
0x00007ffcb0b20000 - 0x00007ffcb0b2a000 	C:\WINDOWS\System32\NSI.dll
0x00007ffca2d70000 - 0x00007ffca2d7b000 	C:\Windows\System32\rasadhlp.dll
0x00007ffca5480000 - 0x00007ffca5506000 	C:\WINDOWS\System32\fwpuclnt.dll
0x00007ffca2e20000 - 0x00007ffca2e38000 	C:\pleiades2025-09\java\21\bin\zip.dll
0x00007ffca2fa0000 - 0x00007ffca2fb0000 	C:\pleiades2025-09\java\21\bin\net.dll
0x00007ffca4c90000 - 0x00007ffca4db9000 	C:\WINDOWS\SYSTEM32\WINHTTP.dll
0x00007ffc98e20000 - 0x00007ffc98e36000 	C:\pleiades2025-09\java\21\bin\nio.dll
0x00007ffca2ec0000 - 0x00007ffca2eca000 	C:\pleiades2025-09\java\21\bin\management.dll
0x00007ffca2e90000 - 0x00007ffca2e9b000 	C:\pleiades2025-09\java\21\bin\management_ext.dll
0x00007ffc79cc0000 - 0x00007ffc79cd8000 	C:\WINDOWS\system32\napinsp.dll
0x00007ffc79a00000 - 0x00007ffc79a13000 	C:\WINDOWS\System32\winrnr.dll
0x00007ffc8da00000 - 0x00007ffc8da22000 	C:\WINDOWS\system32\nlansp_c.dll
0x00007ffca2340000 - 0x00007ffca2356000 	C:\WINDOWS\system32\wshbth.dll
0x00007ffca30f0000 - 0x00007ffca3100000 	C:\pleiades2025-09\java\21\bin\verify.dll
0x00007ffcae3d0000 - 0x00007ffcae3eb000 	C:\WINDOWS\SYSTEM32\CRYPTSP.dll
0x00007ffcad9e0000 - 0x00007ffcada19000 	C:\WINDOWS\system32\rsaenh.dll
0x00007ffcae080000 - 0x00007ffcae0b3000 	C:\WINDOWS\SYSTEM32\USERENV.dll
0x00007ffcaec20000 - 0x00007ffcaec4a000 	C:\WINDOWS\SYSTEM32\bcrypt.dll
0x00007ffcae230000 - 0x00007ffcae23c000 	C:\WINDOWS\SYSTEM32\CRYPTBASE.dll
0x00007ffc9b9e0000 - 0x00007ffc9b9e9000 	C:\pleiades2025-09\java\21\bin\extnet.dll
0x00007ffca2fc0000 - 0x00007ffca2fce000 	C:\pleiades2025-09\java\21\bin\sunmscapi.dll
0x00007ffcaed30000 - 0x00007ffcaeea8000 	C:\WINDOWS\System32\CRYPT32.dll
0x00007ffcae530000 - 0x00007ffcae560000 	C:\WINDOWS\SYSTEM32\ncrypt.dll
0x00007ffcae4e0000 - 0x00007ffcae51f000 	C:\WINDOWS\SYSTEM32\NTASN1.dll
0x00007ffc6b6d0000 - 0x00007ffc6b6d8000 	C:\WINDOWS\system32\wshunix.dll

JVMTI agents:
jdwp path:C:\pleiades2025-09\java\21\bin\jdwp.dll, loaded, initialized, options:transport=dt_socket,suspend=y,address=localhost:52881
C:\pleiades2025-09\eclipse\configuration\org.eclipse.osgi\250\0\.cp\lib\javaagent-shaded.jar path:C:\pleiades2025-09\java\21\bin\instrument.dll, loaded, initialized, instrumentlib options:none

dbghelp: loaded successfully - version: 4.0.5 - missing functions: none
symbol engine: initialized successfully - sym options: 0x614 - pdb path: .;C:\pleiades2025-09\java\21\bin;C:\WINDOWS\SYSTEM32;C:\WINDOWS\WinSxS\amd64_microsoft.windows.common-controls_6595b64144ccf1df_6.0.26100.8521_none_3e08b75ce33403b3;C:\WINDOWS\system32\tmumh\20019\AddOn\8.55.0.1368;C:\WINDOWS\system32\tmumh\20019\TmMon\2.9.0.1215;C:\pleiades2025-09\java\21\bin\server

VM Arguments:
jvm_args: -XX:+ShowCodeDetailsInExceptionMessages -agentlib:jdwp=transport=dt_socket,suspend=y,address=localhost:52881 -Dcom.sun.management.jmxremote -Dcom.sun.management.jmxremote.port=52880 -Dcom.sun.management.jmxremote.authenticate=false -Dcom.sun.management.jmxremote.ssl=false -Djava.rmi.server.hostname=localhost -Dspring.jmx.enabled=true -Dmanagement.endpoints.jmx.exposure.include=* -Dspring.application.admin.enabled=true -Dspring.output.ansi.enabled=always -XX:TieredStopAtLevel=1 -Dspring.boot.project.name=ecsite -javaagent:C:\pleiades2025-09\eclipse\configuration\org.eclipse.osgi\250\0\.cp\lib\javaagent-shaded.jar -Dfile.encoding=UTF-8 -Dstdout.encoding=UTF-8 -Dstderr.encoding=UTF-8 
java_command: jp.co.ecsite.EcsiteApplication
java_class_path (initial): D:\pleiades\workspace\WebApDev\ecsite\bin\main;C:\Users\mi_co\.gradle\caches\modules-2\files-2.1\org.projectlombok\lombok\1.18.46\a5cfe99fdf320e84955ef653f2ce1bf789d11385\lombok-1.18.46.jar;C:\Users\mi_co\.gradle\caches\modules-2\files-2.1\org.springframework.boot\spring-boot-starter-thymeleaf\3.5.15\465c1ea1285064c49356ba3794b65482d1661c4c\spring-boot-starter-thymeleaf-3.5.15.jar;C:\Users\mi_co\.gradle\caches\modules-2\files-2.1\org.springframework.boot\spring-boot-starter-validation\3.5.15\68579b1fb8b699eac6d11d2181a65f99d0e37714\spring-boot-starter-validation-3.5.15.jar;C:\Users\mi_co\.gradle\caches\modules-2\files-2.1\org.springframework.boot\spring-boot-starter-web\3.5.15\cf64b9b6974c201da9e6848994ea0975bdea0374\spring-boot-starter-web-3.5.15.jar;C:\Users\mi_co\.gradle\caches\modules-2\files-2.1\org.mybatis.spring.boot\mybatis-spring-boot-starter\3.0.5\91c44db6926ba623231866909e63d29e156a6c70\mybatis-spring-boot-starter-3.0.5.jar;C:\Users\mi_co\.gradle\caches\modules-2\files-2.1\org.postgresql\postgresql\42.7.7\67f8093e8d8104c74bbf588392ac3229803f5d17\postgresql-42.7.7.jar;C:\Users\mi_co\.gradle\caches\modules-2\files-2.1\org.springframework.boot\spring-boot-starter-json\3.5.15\1507254007468c2d29ad2dd753a6a745d89658\spring-boot-starter-json-3.5.15.jar;C:\Users\mi_co\.gradle\caches\modules-2\files-2.1\org.springframework.boot\spring-boot-starter-jdbc\3.5.15\5a3434cca3911a18eb95e5996cd8266dc8546ccb\spring-boot-starter-jdbc-3.5.15.jar;C:\Users\mi_co\.gradle\caches\modules-2\files-2.1\org.springframework.boot\spring-boot-starter\3.5.15\d5939013cbaee1f0c012e2324ea6256412a2672e\spring-boot-starter-3.5.15.jar;C:\Users\mi_co\.gradle\caches\modules-2\files-2.1\org.thymeleaf\thymeleaf-spring6\3.1.5.RELEASE\d9dcb89be976a321df29518cc634d89a83973800\thymeleaf-spring6-3.1.5.RELEASE.jar;C:\Users\mi_co\.gradle\caches\modules-2\files-2.1\org.springframework.boot\spring-boot-starter-tomcat\3.5.15\635ffde7e1b1809738e6a6cd6ab310672c626bf4\spring-boot-starter-tomcat-3.5.15.jar;C:\Users\mi_co\.gradle\caches\modules-2\files-2.1\org.apache.tomcat.embed\tomcat-embed-el\10.1.55\202f2de13bd61be720cf302f28d63eda558d29f3\tomcat-embed-el-10.1.55.jar;C:\Users\mi_co\.gradle\caches\modules-2\files-2.1\org.hibernate.validator\hibernate-validator\8.0.3.Final\4425f554297a1c5ba03a3f30e559a9fd91048cf8\hibernate-validator-8.0.3.Final.jar;C:\Users\mi_co\.gradle\caches\modules-2\files-2.1\org.springframework\spring-webmvc\6.2.19\836c68c8797106000e44153686b1cfa1a806a998\spring-webmvc-6.2.19.jar;C:\Users\mi_co\.gradle\caches\modules-2\files-2.1\org.springframework\spring-web\6.2.19\f1dc7b238611aeaf9e256a230aa089057cf0e5b3\spring-web-6.2.19.jar;C:\Users\mi_co\.gradle\caches\modules-2\files-2.1\org.mybatis.spring.boot\mybatis-spring-boot-autoconfigure\3.0.5\efa25788216b34f773a6af6d0c544512ae796fd6\mybatis-spring-boot-autoconfigure-3.0.5.jar;C:\Users\mi_co\.gradle\caches\modules-2\files-2.1\org.mybatis\mybatis\3.5.19\79b20d963e38e66f41431ea49bc22f7cce718142\mybatis-3.5.19.jar;C:\Users\mi_co\.gradle\caches\modules-2\files-2.1\org.mybatis\mybatis-spring\3.0.5\8718fbef43de30ce121669245143dbc1b5400083\mybatis-spring-3.0.5.jar;C:\Users\mi_co\.gradle\caches\modules-2\files-2.1\org.springframework.boot\spring-boot-autoconfigure\3.5.15\2ae6e14e304afe1e56bca3eb607e89b6dbf76f77\spring-boot-autoconfigure-3.5.15.jar;C:\Users\mi_co\.gradle\caches\modules-2\files-2.1\org.springframework.boot\spring-boot\3.5.15\c06a102c231e4a0a53085d93c3a121f3a05d6825\spring-boot-3.5.15.jar;C:\Users\mi_co\.gradle\caches\modules-2\files-2.1\org.springframework.boot\spring-boot-starter-logging\3.5.15\82c0e91a8b0dda9f581476011527442688ff9dcc\spring-boot-starter-logging-3.5.15.jar;C:\Users\mi_co\.gradle\caches\modules-2\files-2.1\jakarta.annotation\jakarta.annotation-api\2.1.1\48b9bda22b091b1f48b13af03fe36db3be6e1ae3\jakarta.annotation-api-2.1.1.jar;C:\Users\mi_co\.gradle\caches\modules-2\files-2.1\org.springframework\spring-context\6.2.19\e218e4c4ecad1e821905628b2c4ce8561d937baa\spring-context-6.2.19.jar;C:\Users\mi_co\.gradle\caches\modules-2\files-2.1\org.springframework\spring-aop\6.2.19\86a538bb7b2be38a0afc4ef049784def10a86c62\spring-aop-6.2.19.jar;C:\Users\mi_co\.gradle\caches\modules-2\files-2.1\org.springframework\spring-jdbc\6.2.19\d7b6ea705a71dbbb4499437dd54b9217ce6c251a\spring-jdbc-6.2.19.jar;C:\Users\mi_co\.gradle\caches\modules-2\files-2.1\org.springframework\spring-tx\6.2.19\aa1a170d935a3c39176d27a2353c34c2861b7dc\spring-tx-6.2.19.jar;C:\Users\mi_co\.gradle\caches\modules-2\files-2.1\org.springframework\spring-beans\6.2.19\6d6b4774db3b036df46be6332d93b09d70e5c147\spring-beans-6.2.19.jar;C:\Users\mi_co\.gradle\caches\modules-2\files-2.1\org.springframework\spring-expression\6.2.19\c7202d23797fa778c5ed55e502ac1a9f0d34012a\spring-expression-6.2.19.jar;C:\Users\mi_co\.gradle\caches\modules-2\files-2.1\org.springframework\spring-core\6.2.19\691459d4644894dae8e5c2d9550a4cfb8302f62f\spring-core-6.2.19.jar;C:\Users\mi_co\.gradle\caches\modules-2\files-2.1\org.yaml\snakeyaml\2.4\e0666b825b796f85521f02360e77f4c92c5a7a07\snakeyaml-2.4.jar;C:\Users\mi_co\.gradle\caches\modules-2\files-2.1\org.thymeleaf\thymeleaf\3.1.5.RELEASE\8986b45086f74f7773c440055a2f473817dd3fa8\thymeleaf-3.1.5.RELEASE.jar;C:\Users\mi_co\.gradle\caches\modules-2\files-2.1\com.zaxxer\HikariCP\6.3.3\7c5aec1e47a97ff40977e0193018865304ea9585\HikariCP-6.3.3.jar;C:\Users\mi_co\.gradle\caches\modules-2\files-2.1\ch.qos.logback\logback-classic\1.5.34\e598899bad5824511cd3019299254230468e1fa2\logback-classic-1.5.34.jar;C:\Users\mi_co\.gradle\caches\modules-2\files-2.1\org.apache.logging.log4j\log4j-to-slf4j\2.24.3\da1143e2a2531ee1c2d90baa98eb50a28a39d5a7\log4j-to-slf4j-2.24.3.jar;C:\Users\mi_co\.gradle\caches\modules-2\files-2.1\org.slf4j\jul-to-slf4j\2.0.18\79739c98001d5c9d078d087d5a348ec9e474ec8f\jul-to-slf4j-2.0.18.jar;C:\Users\mi_co\.gradle\caches\modules-2\files-2.1\org.slf4j\slf4j-api\2.0.18\78a9e7a37cd6360e0b818e86341b24123d28d4df\slf4j-api-2.0.18.jar;C:\Users\mi_co\.gradle\caches\modules-2\files-2.1\jakarta.validation\jakarta.validation-api\3.0.2\92b6631659ba35ca09e44874d3eb936edfeee532\jakarta.validation-api-3.0.2.jar;C:\Users\mi_co\.gradle\caches\modules-2\files-2.1\org.jboss.logging\jboss-logging\3.6.3.Final\1cc9f976725720bb4a66f80af3e3aa6b9890d969\jboss-logging-3.6.3.Final.jar;C:\Users\mi_co\.gradle\caches\modules-2\files-2.1\com.fasterxml\classmate\1.7.3\f61c7e7b81e9249b0f6a05914eff9d54fb09f4a0\classmate-1.7.3.jar;C:\Users\mi_co\.gradle\caches\modules-2\files-2.1\com.fasterxml.jackson.datatype\jackson-datatype-jsr310\2.21.4\51f9ede30826b05cdf8a70b47bc68bd6271dfaaa\jackson-datatype-jsr310-2.21.4.jar;C:\Users\mi_co\.gradle\caches\modules-2\files-2.1\com.fasterxml.jackson.module\jackson-module-parameter-names\2.21.4\5f1439ff7bebf7601e12a9ee7919b81ab9cb7c78\jackson-module-parameter-names-2.21.4.jar;C:\Users\mi_co\.gradle\caches\modules-2\files-2.1\com.fasterxml.jackson.core\jackson-core\2.21.4\56a503ba45016714394807ea89f95f5093760089\jackson-core-2.21.4.jar;C:\Users\mi_co\.gradle\caches\modules-2\files-2.1\com.fasterxml.jackson.datatype\jackson-datatype-jdk8\2.21.4\a1b9fe3b6e8d4418fe09a1ba9a8f6640137cfb5\jackson-datatype-jdk8-2.21.4.jar;C:\Users\mi_co\.gradle\caches\modules-2\files-2.1\com.fasterxml.jackson.core\jackson-databind\2.21.4\9e495680be707d466527d734368ebf36e464da2\jackson-databind-2.21.4.jar;C:\Users\mi_co\.gradle\caches\modules-2\files-2.1\org.apache.tomcat.embed\tomcat-embed-websocket\10.1.55\b07cf802e82f358903a07f70757a4bcbe4fece20\tomcat-embed-websocket-10.1.55.jar;C:\Users\mi_co\.gradle\caches\modules-2\files-2.1\org.apache.tomcat.embed\tomcat-embed-core\10.1.55\740c1000c60766b3a4d99903434fd1a1d67ec229\tomcat-embed-core-10.1.55.jar;C:\Users\mi_co\.gradle\caches\modules-2\files-2.1\io.micrometer\micrometer-observation\1.15.12\1d96fcaec8d2516236dfcb9914108e14bfd02238\micrometer-observation-1.15.12.jar;C:\Users\mi_co\.gradle\caches\modules-2\files-2.1\org.springframework\spring-jcl\6.2.19\39b9c7d631961f3649511b08ef167420b086184b\spring-jcl-6.2.19.jar;C:\Users\mi_co\.gradle\caches\modules-2\files-2.1\org.attoparser\attoparser\2.0.7.RELEASE\e5d0e988d9124139d645bb5872b24dfa23e283cc\attoparser-2.0.7.RELEASE.jar;C:\Users\mi_co\.gradle\caches\modules-2\files-2.1\org.unbescape\unbescape\1.1.6.RELEASE\7b90360afb2b860e09e8347112800d12c12b2a13\unbescape-1.1.6.RELEASE.jar;C:\Users\mi_co\.gradle\caches\modules-2\files-2.1\com.fasterxml.jackson.core\jackson-annotations\2.21\b1bc1868bf02dc0bd6c7836257a036a331005309\jackson-annotations-2.21.jar;C:\Users\mi_co\.gradle\caches\modules-2\files-2.1\io.micrometer\micrometer-commons\1.15.12\eb539638d48571fa6ce4ea3eb8417cab37a63438\micrometer-commons-1.15.12.jar;C:\Users\mi_co\.gradle\caches\modules-2\files-2.1\ch.qos.logback\logback-core\1.5.34\378692f76c337b3325c15bffb89e013dc1f897b4\logback-core-1.5.34.jar;C:\Users\mi_co\.gradle\caches\modules-2\files-2.1\org.apache.logging.log4j\log4j-api\2.24.3\b02c125db8b6d295adf72ae6e71af5d83bce2370\log4j-api-2.24.3.jar;C:\Users\mi_co\.gradle\caches\modules-2\files-2.1\org.springframework.boot\spring-boot-devtools\3.5.15\3088e614e8f85e81184a06880dfb8253f8772385\spring-boot-devtools-3.5.15.jar;C:\Users\mi_co\.gradle\caches\modules-2\files-2.1\org.checkerframework\checker-qual\3.49.3\119a4df4ba2e6a432b23989a785f81be38a56849\checker-qual-3.49.3.jar
Launcher Type: SUN_STANDARD

[Global flags]
     intx CICompilerCount                          = 12                                        {product} {ergonomic}
     uint ConcGCThreads                            = 4                                         {product} {ergonomic}
     uint G1ConcRefinementThreads                  = 15                                        {product} {ergonomic}
   size_t G1HeapRegionSize                         = 4194304                                   {product} {ergonomic}
    uintx GCDrainStackTargetSize                   = 64                                        {product} {ergonomic}
   size_t InitialHeapSize                          = 532676608                                 {product} {ergonomic}
     bool ManagementServer                         = true                                      {product} {command line}
   size_t MarkStackSize                            = 4194304                                   {product} {ergonomic}
   size_t MaxHeapSize                              = 8514437120                                {product} {ergonomic}
   size_t MaxNewSize                               = 5108662272                                {product} {ergonomic}
   size_t MinHeapDeltaBytes                        = 4194304                                   {product} {ergonomic}
   size_t MinHeapSize                              = 8388608                                   {product} {ergonomic}
    uintx NonNMethodCodeHeapSize                   = 4096                                   {pd product} {ergonomic}
    uintx NonProfiledCodeHeapSize                  = 0                                      {pd product} {ergonomic}
     bool ProfileInterpreter                       = false                                  {pd product} {command line}
    uintx ProfiledCodeHeapSize                     = 0                                      {pd product} {ergonomic}
     bool ShowCodeDetailsInExceptionMessages       = true                                   {manageable} {command line}
   size_t SoftMaxHeapSize                          = 8514437120                             {manageable} {ergonomic}
     intx TieredStopAtLevel                        = 1                                         {product} {command line}
     bool UseCompressedOops                        = true                           {product lp64_product} {ergonomic}
     bool UseG1GC                                  = true                                      {product} {ergonomic}
     bool UseLargePagesIndividualAllocation        = false                                  {pd product} {ergonomic}

Logging:
Log output configuration:
 #0: stdout all=warning uptime,level,tags foldmultilines=false
 #1: stderr all=off uptime,level,tags foldmultilines=false

Environment Variables:
JAVA_HOME=C:\pleiades2025-09\java\21
PATH=C:/pleiades2025-09/java/21/bin/server;C:/pleiades2025-09/java/21/bin;C:\WINDOWS\system32;C:\WINDOWS;C:\WINDOWS\System32\Wbem;C:\WINDOWS\System32\WindowsPowerShell\v1.0\;C:\WINDOWS\System32\OpenSSH\;C:\Program Files\dotnet\;C:\Program Files\Microsoft SQL Server\150\Tools\Binn\;C:\Program Files\Microsoft SQL Server\Client SDK\ODBC\170\Tools\Binn\;C:\Program Files\PostgreSQL\17\bin;C:\Program Files\Git\cmd;C:\Users\mi_co\AppData\Local\Microsoft\WindowsApps;C:\Users\mi_co\.dotnet\tools;C:\Users\mi_co\AppData\Local\Programs\Microsoft VS Code\bin;C:\pleiades2025-09\java\21\bin;C:\pleiades2025-09\eclipse;
USERNAME=mi_co
OS=Windows_NT
PROCESSOR_IDENTIFIER=Intel64 Family 6 Model 186 Stepping 2, GenuineIntel
TMP=C:\Users\mi_co\AppData\Local\Temp
TEMP=C:\Users\mi_co\AppData\Local\Temp




Periodic native trim disabled

---------------  S Y S T E M  ---------------

OS:
 Windows 11 , 64 bit Build 26100 (10.0.26100.8521)
OS uptime: 2 days 21:28 hours
Hyper-V role detected

CPU: total 20 (initial active 20) (10 cores per cpu, 2 threads per core) family 6 model 186 stepping 2 microcode 0x410e, cx8, cmov, fxsr, ht, mmx, 3dnowpref, sse, sse2, sse3, ssse3, sse4.1, sse4.2, popcnt, lzcnt, tsc, tscinvbit, avx, avx2, aes, erms, clmul, bmi1, bmi2, adx, sha, fma, vzeroupper, clflush, clflushopt, clwb, hv, serialize, rdtscp, rdpid, fsrm, f16c, cet_ibt, cet_ss
Processor Information for processor 0
  Max Mhz: 2600, Current Mhz: 2600, Mhz Limit: 2600
Processor Information for processor 1
  Max Mhz: 2600, Current Mhz: 2600, Mhz Limit: 2600
Processor Information for processor 2
  Max Mhz: 2600, Current Mhz: 1496, Mhz Limit: 2600
Processor Information for processor 3
  Max Mhz: 2600, Current Mhz: 2600, Mhz Limit: 2600
Processor Information for processor 4
  Max Mhz: 2600, Current Mhz: 1496, Mhz Limit: 2600
Processor Information for processor 5
  Max Mhz: 2600, Current Mhz: 2600, Mhz Limit: 2600
Processor Information for processor 6
  Max Mhz: 2600, Current Mhz: 2600, Mhz Limit: 2600
Processor Information for processor 7
  Max Mhz: 2600, Current Mhz: 1496, Mhz Limit: 2600
Processor Information for processor 8
  Max Mhz: 2600, Current Mhz: 2600, Mhz Limit: 2600
Processor Information for processor 9
  Max Mhz: 2600, Current Mhz: 2600, Mhz Limit: 2600
Processor Information for processor 10
  Max Mhz: 2600, Current Mhz: 2600, Mhz Limit: 2600
Processor Information for processor 11
  Max Mhz: 2600, Current Mhz: 2600, Mhz Limit: 2600
Processor Information for processor 12
  Max Mhz: 2600, Current Mhz: 1505, Mhz Limit: 2600
Processor Information for processor 13
  Max Mhz: 2600, Current Mhz: 2600, Mhz Limit: 2600
Processor Information for processor 14
  Max Mhz: 2600, Current Mhz: 2600, Mhz Limit: 2600
Processor Information for processor 15
  Max Mhz: 2600, Current Mhz: 1505, Mhz Limit: 2600
Processor Information for processor 16
  Max Mhz: 2600, Current Mhz: 1505, Mhz Limit: 2600
Processor Information for processor 17
  Max Mhz: 2600, Current Mhz: 2600, Mhz Limit: 2600
Processor Information for processor 18
  Max Mhz: 2600, Current Mhz: 1505, Mhz Limit: 2600
Processor Information for processor 19
  Max Mhz: 2600, Current Mhz: 1505, Mhz Limit: 2600

Memory: 4k page, system-wide physical 32468M (18751M free)
TotalPageFile size 34516M (AvailPageFile size 16911M)
current process WorkingSet (physical memory assigned to process): 217M, peak: 267M
current process commit charge ("private bytes"): 271M, peak: 644M

vm_info: OpenJDK 64-Bit Server VM (21.0.8+9-LTS) for windows-amd64 JRE (21.0.8+9-LTS), built on 2025-07-15T00:00:00Z by "admin" with MS VC++ 17.7 (VS2022)

END.
